<?xml version="1.0" encoding="UTF-8"?>
<!-- Generated by org.testng.reporters.JUnitReportReporter -->
<testsuite hostname="MacBook-Air-3.fritz.box" failures="0" tests="1" name="qa.projects.AppTest" time="0.040" errors="0" timestamp="2023-06-05T14:01:43 CEST" skipped="0">
  <testcase classname="qa.projects.AppTest" name="testApp" time="0.040"/>
</testsuite> <!-- qa.projects.AppTest -->
