<?xml version="1.0" encoding="UTF-8"?>
<!-- Generated by org.testng.reporters.JUnitReportReporter -->
<testsuite hostname="MacBook-Air-3.fritz.box" failures="0" tests="1" name="qa.projects.FirstTest" time="0.015" errors="0" timestamp="2023-06-05T14:56:50 CEST" skipped="0">
  <testcase classname="qa.projects.FirstTest" name="test1" time="0.015"/>
</testsuite> <!-- qa.projects.FirstTest -->
