<?xml version="1.0" encoding="UTF-8"?>
<!-- Generated by org.testng.reporters.JUnitReportReporter -->
<testsuite hostname="MacBook-Air-3.local" failures="0" tests="5" name="qa.projects.CartTests" time="84.234" errors="0" timestamp="2023-06-13T10:19:08 CEST" skipped="0">
  <testcase classname="qa.projects.CartTests" name="searchOfItemsUsingEnterTest" time="16.423"/>
  <testcase classname="qa.projects.CartTests" name="compareItemsPriceTest" time="19.082"/>
  <testcase classname="qa.projects.CartTests" name="productImagesSizeTest" time="14.856"/>
  <testcase classname="qa.projects.CartTests" name="addingToCartTest" time="22.054"/>
  <testcase classname="qa.projects.CartTests" name="searchResultsValidationTest" time="11.819"/>
</testsuite> <!-- qa.projects.CartTests -->
