<?xml version="1.0" encoding="UTF-8"?>
<!-- Generated by org.testng.reporters.JUnitReportReporter -->
<testsuite hostname="MacBook-Air-3.local" failures="0" tests="4" name="qa.projects.RozetkaTests" time="8.870" errors="0" timestamp="2023-06-13T10:19:08 CEST" skipped="0">
  <testcase classname="qa.projects.RozetkaTests" name="baseCatalogTest" time="0.090"/>
  <testcase classname="qa.projects.RozetkaTests" name="CatalogTest" time="3.918"/>
  <testcase classname="qa.projects.RozetkaTests" name="CatalogTest2" time="0.591"/>
  <testcase classname="qa.projects.RozetkaTests" name="searchCategory" time="4.271"/>
</testsuite> <!-- qa.projects.RozetkaTests -->
